<?xml version="1.0" ?>
<coverage branch-rate="0" line-rate="0.8462" timestamp="1538668712683" version="4.0.3">
	<!-- Generated by coverage.py: https://coverage.readthedocs.org -->
	<!-- Based on https://raw.githubusercontent.com/cobertura/web/f0366e5e2cf18f111cbd61fc34ef720a6584ba02/htdocs/xml/coverage-03.dtd -->
	<sources>
		<source>/Users/parmeshashwath/Azad/Cerebro/python_test/example-python-master</source>
	</sources>
	<packages>
		<package branch-rate="0" complexity="0" line-rate="1" name=".">
			<classes>
				<class branch-rate="0" complexity="0" filename="tests.py" line-rate="1" name="tests.py">
					<methods/>
					<lines>
						<line hits="1" number="1"/>
						<line hits="1" number="3"/>
						<line hits="1" number="6"/>
						<line hits="1" number="7"/>
						<line hits="1" number="8"/>
						<line hits="1" number="12"/>
						<line hits="1" number="13"/>
					</lines>
				</class>
			</classes>
		</package>
		<package branch-rate="0" complexity="0" line-rate="0.6667" name="awesome">
			<classes>
				<class branch-rate="0" complexity="0" filename="awesome/__init__.py" line-rate="0.6667" name="__init__.py">
					<methods/>
					<lines>
						<line hits="1" number="1"/>
						<line hits="1" number="2"/>
						<line hits="1" number="4"/>
						<line hits="0" number="5"/>
						<line hits="1" number="7"/>
						<line hits="0" number="8"/>
					</lines>
				</class>
			</classes>
		</package>
	</packages>
</coverage>
